[2022-04-09 17:11:18.806] [info]  Running version 2022.2.1
[2022-04-09 17:11:18.828] [error] [electron client protocol] FAILED to set default protocol 'insomnia://'
[2022-04-09 17:11:18.843] [info]  [electron client protocol] the current executable is not the default protocol for 'insomnia://'
[2022-04-09 17:11:18.871] [info]  [electron client protocol] the default application set for 'insomnia://' is 'insomnia.desktop
'
[2022-04-09 17:11:19.099] [info]  [fix] Running database repairs
[2022-04-09 17:11:19.138] [info]  [db] Initialized DB at /home/rune/.config/Insomnia/insomnia.$TYPE.db
[2022-04-09 17:11:19.139] [info]  [db] Init responses DB
[2022-04-09 17:11:19.146] [info]  [localstorage] Initialized at /home/rune/.config/Insomnia/localStorage
[2022-04-09 17:11:19.199] [info]  [main] Loading file:///opt/Insomnia/resources/app.asar/renderer.html
[2022-04-09 17:11:19.717] [info]  [updater] Updater not running platform=linux dev=false
[2022-04-09 17:25:29.788] [info]  [response] Delete body /home/rune/.config/Insomnia/responses/d390a0f0-6616-4f99-b79c-580c953a0926.response
[2022-04-09 17:25:29.790] [info]  [response] Delete timeline /home/rune/.config/Insomnia/responses/9c871e6c07af6c789a688846edc846b30e0eb541.timeline
[2022-04-09 17:26:54.439] [info]  [response] Delete body /home/rune/.config/Insomnia/responses/a6850fba-5acf-456f-976f-a06ad6bd0247.response
[2022-04-09 17:26:54.440] [info]  [response] Delete timeline /home/rune/.config/Insomnia/responses/f5f5ef77de27ea6110f877e944da845b4d176c33.timeline
[2022-04-09 17:27:13.511] [info]  [response] Delete timeline /home/rune/.config/Insomnia/responses/64aca165176c1d1fccb2b28e1ee31c90f2fed389.timeline
[2022-04-09 17:27:13.512] [info]  [response] Delete body /home/rune/.config/Insomnia/responses/c5a90b3b-1d56-4db4-8ff3-c24896f5fe59.response
[2022-04-09 17:27:19.453] [info]  [response] Delete body /home/rune/.config/Insomnia/responses/8423940a-97b9-4a59-8716-f6e80da700b0.response
[2022-04-09 17:27:19.453] [info]  [response] Delete timeline /home/rune/.config/Insomnia/responses/53d0855f4dc07322135ad599e408440df0bfb7b8.timeline
[2022-04-09 17:28:16.059] [info]  [response] Delete body /home/rune/.config/Insomnia/responses/18993cc4-22b1-457e-9a84-49304470ed93.response
[2022-04-09 17:28:16.059] [info]  [response] Delete timeline /home/rune/.config/Insomnia/responses/5e17cb77b865dbd2f95f38dd3a13281821fda752.timeline
[2022-04-09 17:28:18.158] [info]  [response] Delete body /home/rune/.config/Insomnia/responses/c6e1bfcb-bad9-4b55-ab05-b87d733a1118.response
[2022-04-09 17:28:18.158] [info]  [response] Delete timeline /home/rune/.config/Insomnia/responses/f5bcfb37bd433e91703ae9d1aa47d92a2141ad18.timeline
[2022-04-09 17:28:31.224] [info]  [response] Delete body /home/rune/.config/Insomnia/responses/4a09bff9-6bd2-45b0-95ea-8c78fafc5c5f.response
[2022-04-09 17:28:31.224] [info]  [response] Delete timeline /home/rune/.config/Insomnia/responses/d5ab5638bb4129dcfb1d2717a723560ee0f4964c.timeline
[2022-04-09 17:28:52.767] [info]  [response] Delete body /home/rune/.config/Insomnia/responses/b264ab8b-e703-4f86-8d69-472ea77e6597.response
[2022-04-09 17:28:52.768] [info]  [response] Delete timeline /home/rune/.config/Insomnia/responses/083b8173953b1e83ed5a8742a4791f2e8387e0fe.timeline
[2022-04-09 17:29:17.993] [info]  [response] Delete body /home/rune/.config/Insomnia/responses/f42db2bd-b78e-4ecc-9e82-f7a56ee03b08.response
[2022-04-09 17:29:17.993] [info]  [response] Delete timeline /home/rune/.config/Insomnia/responses/00f0b7b2ebc7d1cf08bc84059ac80db238732000.timeline
[2022-04-09 17:29:25.557] [info]  [response] Delete body /home/rune/.config/Insomnia/responses/6aac4000-fcff-4cda-b4ca-5cffe3360fa2.response
[2022-04-09 17:29:25.557] [info]  [response] Delete timeline /home/rune/.config/Insomnia/responses/eb9588bcc92f73177a4350aafe57b8bd665e375e.timeline
[2022-04-09 17:29:31.225] [info]  [response] Delete body /home/rune/.config/Insomnia/responses/42f37f6c-c2c3-4367-a7dd-8933788d20d4.response
[2022-04-09 17:29:31.225] [info]  [response] Delete timeline /home/rune/.config/Insomnia/responses/5d3a5815511742df6670138efd57007c29ac6b57.timeline
[2022-04-09 17:29:51.540] [info]  [response] Delete body /home/rune/.config/Insomnia/responses/865eeb1b-1074-4440-be40-b98a1bc6aa96.response
[2022-04-09 17:29:51.540] [info]  [response] Delete timeline /home/rune/.config/Insomnia/responses/cba80fbdc6989a668e27e44be2410103510a20a4.timeline
[2022-04-09 17:30:02.343] [info]  [response] Delete body /home/rune/.config/Insomnia/responses/b96b7e70-d2da-4fda-a169-5c6abe5e50a6.response
[2022-04-09 17:30:02.343] [info]  [response] Delete timeline /home/rune/.config/Insomnia/responses/bc821cf245400815276d0de0ec20b0efdcadb839.timeline
[2022-04-09 17:30:33.538] [info]  [response] Delete body /home/rune/.config/Insomnia/responses/3c63ab23-5edb-48ed-b7fe-a8745536c3ff.response
[2022-04-09 17:30:33.538] [info]  [response] Delete timeline /home/rune/.config/Insomnia/responses/ee86541e124921a2eb9da38e7d26b96290663af3.timeline
[2022-04-09 17:30:42.428] [info]  [response] Delete body /home/rune/.config/Insomnia/responses/a7440a99-6ebb-45ad-9add-d418d808888d.response
[2022-04-09 17:30:42.428] [info]  [response] Delete timeline /home/rune/.config/Insomnia/responses/7a6146385f1e4b25121a905d081042b31536eaf8.timeline
[2022-04-09 17:30:58.474] [info]  [response] Delete body /home/rune/.config/Insomnia/responses/1eec11b0-e0cf-40cb-b451-e742e79e94fd.response
[2022-04-09 17:30:58.474] [info]  [response] Delete timeline /home/rune/.config/Insomnia/responses/9711c3537c8e5f666bd0fd7805b9fbe42331f63b.timeline
[2022-04-09 17:31:55.248] [info]  [response] Delete body /home/rune/.config/Insomnia/responses/461f076a-e0a3-43c0-a302-ecfde168941e.response
[2022-04-09 17:31:55.248] [info]  [response] Delete timeline /home/rune/.config/Insomnia/responses/a2713f92f9e13bdb47aabebd50e3201c23f3909e.timeline
[2022-04-09 17:33:39.846] [info]  [response] Delete body /home/rune/.config/Insomnia/responses/5c461c87-d665-4b16-ab17-bccd66bc7025.response
[2022-04-09 17:33:39.846] [info]  [response] Delete timeline /home/rune/.config/Insomnia/responses/34124aacfeb682c9a25dc212a294c4b3e8765503.timeline
[2022-04-09 17:37:13.712] [info]  [response] Delete body /home/rune/.config/Insomnia/responses/03c7b498-7ff3-4546-bcfa-e9e4d910b6a6.response
[2022-04-09 17:37:13.713] [info]  [response] Delete timeline /home/rune/.config/Insomnia/responses/a25cec8877107484de29179bb5832832970910ee.timeline
[2022-04-09 17:43:37.425] [info]  [response] Delete timeline /home/rune/.config/Insomnia/responses/e13161385fb418a52eb5f2b0280aa94787b9ef2e.timeline
[2022-04-09 17:43:37.426] [info]  [response] Delete body /home/rune/.config/Insomnia/responses/0f40cd7a-5831-455d-abe2-88a847a81076.response
[2022-04-09 17:43:43.591] [info]  [response] Delete body /home/rune/.config/Insomnia/responses/6e72bcdb-b966-46e6-84fc-535fdcc3eb43.response
[2022-04-09 17:43:43.591] [info]  [response] Delete timeline /home/rune/.config/Insomnia/responses/dcb2ff0efd4d8e299e8ddac4771b6497ab641e00.timeline
[2022-04-09 17:43:46.285] [info]  [response] Delete body /home/rune/.config/Insomnia/responses/244c5708-66cd-4bb5-bb8c-8f066d6b35fc.response
[2022-04-09 17:43:46.285] [info]  [response] Delete timeline /home/rune/.config/Insomnia/responses/028f6f74425ad0bd35db126ad5d2e06847619a3b.timeline
[2022-04-09 17:43:47.885] [info]  [response] Delete body /home/rune/.config/Insomnia/responses/7e411291-a0d3-4815-a6c2-2f706ec2e1be.response
[2022-04-09 17:43:47.886] [info]  [response] Delete timeline /home/rune/.config/Insomnia/responses/7f7118c545d40d13e260a2616ef24226ff232868.timeline
[2022-04-09 17:44:28.100] [info]  [response] Delete body /home/rune/.config/Insomnia/responses/303ccc0e-ec76-47ce-8abc-e1d8c797a6a0.response
[2022-04-09 17:44:28.101] [info]  [response] Delete timeline /home/rune/.config/Insomnia/responses/7de9b7297324d2c738e23a540a50fb72d14c4128.timeline
[2022-04-09 17:44:30.720] [info]  [response] Delete body /home/rune/.config/Insomnia/responses/17f672cb-9aca-4427-97df-8cf4245b2887.response
[2022-04-09 17:44:30.720] [info]  [response] Delete timeline /home/rune/.config/Insomnia/responses/a6a1cd86e6362839c7a921ea4551f86f3ca1d7d7.timeline
[2022-04-09 18:09:07.854] [info]  [response] Delete body /home/rune/.config/Insomnia/responses/86e3c7e6-76a9-494e-8f4d-c83bcfb21e14.response
[2022-04-09 18:09:07.855] [info]  [response] Delete timeline /home/rune/.config/Insomnia/responses/d54c498f-6000-46a6-b8a9-c13832a576d1.timeline
[2022-04-09 18:09:29.731] [info]  [response] Delete body /home/rune/.config/Insomnia/responses/ec88d2a3-f051-4e72-8795-787553fe3eab.response
[2022-04-09 18:09:29.731] [info]  [response] Delete timeline /home/rune/.config/Insomnia/responses/e9b7caee-0075-44a9-a3dc-b153f8c50a8c.timeline
