[2022-04-09 19:49:38.521] [info]  Running version 2022.2.1
[2022-04-09 19:49:38.543] [error] [electron client protocol] FAILED to set default protocol 'insomnia://'
[2022-04-09 19:49:38.558] [info]  [electron client protocol] the current executable is not the default protocol for 'insomnia://'
[2022-04-09 19:49:38.585] [info]  [electron client protocol] the default application set for 'insomnia://' is 'insomnia.desktop
'
[2022-04-09 19:49:38.718] [info]  [fix] Running database repairs
[2022-04-09 19:49:38.755] [info]  [db] Initialized DB at /home/rune/.config/Insomnia/insomnia.$TYPE.db
[2022-04-09 19:49:38.755] [info]  [db] Init responses DB
[2022-04-09 19:49:38.764] [info]  [localstorage] Initialized at /home/rune/.config/Insomnia/localStorage
[2022-04-09 19:49:38.790] [info]  [main] Loading file:///opt/Insomnia/resources/app.asar/renderer.html
[2022-04-09 19:49:39.301] [info]  [updater] Updater not running platform=linux dev=false
[2022-04-09 20:07:42.427] [info]  [response] Delete body /home/rune/.config/Insomnia/responses/60f650da-0d22-4eb2-9956-6084b6225239.response
[2022-04-09 20:07:42.428] [info]  [response] Delete timeline /home/rune/.config/Insomnia/responses/a6e56d6d-94b3-441d-a1e9-5ebd51e26191.timeline
[2022-04-09 20:07:47.068] [info]  [response] Delete body /home/rune/.config/Insomnia/responses/6b5ead0c-aa09-4b9b-9114-4b2944d0faac.response
[2022-04-09 20:07:47.068] [info]  [response] Delete timeline /home/rune/.config/Insomnia/responses/c80d416f-0be9-4a03-9af5-d9a6f8ad4945.timeline
[2022-04-09 20:07:48.980] [info]  [response] Delete timeline /home/rune/.config/Insomnia/responses/342b21ead85946a214ae56522e429e7b2176cdfe.timeline
[2022-04-09 20:07:48.980] [info]  [response] Delete body /home/rune/.config/Insomnia/responses/96e0eacf-5a5d-4b43-94cf-c31dd6ce14e8.response
[2022-04-09 20:08:22.787] [info]  [response] Delete timeline /home/rune/.config/Insomnia/responses/cd1c7027-afac-4174-978a-4c9c1eee5a91.timeline
[2022-04-09 20:08:22.787] [info]  [response] Delete body /home/rune/.config/Insomnia/responses/4730209b-1a54-4286-92d5-92836a61cc1b.response
[2022-04-09 20:08:25.085] [info]  [response] Delete body /home/rune/.config/Insomnia/responses/dd8560aa-2196-4e13-9574-2d66c15cc178.response
[2022-04-09 20:08:25.085] [info]  [response] Delete timeline /home/rune/.config/Insomnia/responses/c434c9bb-709f-431f-850b-28074b9ed1fe.timeline
[2022-04-09 20:08:41.660] [info]  [response] Delete body /home/rune/.config/Insomnia/responses/27fb5c2c-03c3-4e2c-963f-d6de6649cf77.response
[2022-04-09 20:08:41.660] [info]  [response] Delete timeline /home/rune/.config/Insomnia/responses/a66cba2397755d58517caf9ad1d0ed09b9e600d5.timeline
[2022-04-09 20:19:39.887] [info]  [response] Delete body /home/rune/.config/Insomnia/responses/c5be1614-1a8d-4f38-8883-11080ca555b3.response
[2022-04-09 20:19:39.888] [info]  [response] Delete timeline /home/rune/.config/Insomnia/responses/d17b1d352879e2984d32127945aba63432401e58.timeline
[2022-04-09 20:20:51.556] [info]  [response] Delete body /home/rune/.config/Insomnia/responses/3b5be78c-fb1b-4efb-bb4b-5fc945b7ed72.response
[2022-04-09 20:20:51.556] [info]  [response] Delete timeline /home/rune/.config/Insomnia/responses/064aadd3f3afd5896589932aca414612fc1915d6.timeline
[2022-04-09 20:20:54.156] [info]  [response] Delete body /home/rune/.config/Insomnia/responses/1db33733-0cd1-462c-b5ae-beb2cd50a7ae.response
[2022-04-09 20:20:54.156] [info]  [response] Delete timeline /home/rune/.config/Insomnia/responses/347f1a5f-a4e0-4651-9766-4997a2e64557.timeline
[2022-04-09 20:20:55.833] [info]  [response] Delete timeline /home/rune/.config/Insomnia/responses/194a480c12e4076582d7ae0a8d49376377b662d5.timeline
[2022-04-09 20:20:55.833] [info]  [response] Delete body /home/rune/.config/Insomnia/responses/efd8512d-76f2-4f56-b80d-7c158ef6d724.response
[2022-04-09 20:21:32.842] [info]  [response] Delete body /home/rune/.config/Insomnia/responses/3da403cc-da6e-4ef6-895b-f2887bbcfba8.response
[2022-04-09 20:21:32.842] [info]  [response] Delete timeline /home/rune/.config/Insomnia/responses/76c659da45bc2aca54ba24cd77ed0c1d12f0d3ec.timeline
[2022-04-09 20:29:16.058] [info]  [response] Delete body 
[2022-04-09 20:29:16.058] [info]  [response] Delete timeline /home/rune/.config/Insomnia/responses/d4df161645d05a64c3c6e39306426eaefa3654c5.timeline
[2022-04-09 20:29:57.411] [info]  [response] Delete body /home/rune/.config/Insomnia/responses/9f739a7b-8a83-4477-b18a-e7f26596664f.response
[2022-04-09 20:29:57.412] [info]  [response] Delete timeline /home/rune/.config/Insomnia/responses/b0f9a186-b6ad-4229-82a1-188774572687.timeline
[2022-04-09 20:29:59.379] [info]  [response] Delete body /home/rune/.config/Insomnia/responses/9039adb9-b355-4c40-89bc-999f9934b310.response
[2022-04-09 20:29:59.379] [info]  [response] Delete timeline /home/rune/.config/Insomnia/responses/0f948523099db4d9d34f740c8effbf7bd388edd8.timeline
[2022-04-09 20:33:21.850] [info]  [response] Delete body /home/rune/.config/Insomnia/responses/6a80b5bb-87d3-46e6-805b-006849dfdb84.response
[2022-04-09 20:33:21.850] [info]  [response] Delete timeline /home/rune/.config/Insomnia/responses/18143e92-b575-4380-a103-ae943fca0681.timeline
[2022-04-09 20:33:24.826] [info]  [response] Delete body /home/rune/.config/Insomnia/responses/3dac9f2d-1411-4cec-a223-64af955ab66f.response
[2022-04-09 20:33:24.827] [info]  [response] Delete timeline /home/rune/.config/Insomnia/responses/83e80e0e778dbb539c1abc04d53c7addc6d963c3.timeline
[2022-04-09 20:49:35.072] [info]  [response] Delete body /home/rune/.config/Insomnia/responses/3a21b1ce-7462-46e3-9740-cbc34d841073.response
[2022-04-09 20:49:35.072] [info]  [response] Delete timeline /home/rune/.config/Insomnia/responses/0660434606f8ea484c3b338de42ff80ac18c36d1.timeline
